[   0.003][v][cplayer] mpv v0.41.0-255-g45019b21b Copyright © 2000-2026 mpv/MPlayer/mplayer2 projects
[   0.003][v][cplayer]  built on Mar  5 2026 16:08:30
[   0.003][v][cplayer] libplacebo version: v7.361.0 (v7.360.0-7-g48bd967-dirty)
[   0.003][v][cplayer] FFmpeg version: N-123177-g6e322fa58
[   0.003][v][cplayer] FFmpeg library versions:
[   0.003][v][cplayer]    libavcodec      62.24.101
[   0.003][v][cplayer]    libavdevice     62.2.100
[   0.003][v][cplayer]    libavfilter     11.13.100
[   0.003][v][cplayer]    libavformat     62.10.101
[   0.003][v][cplayer]    libavutil       60.25.100
[   0.003][v][cplayer]    libswresample   6.2.100
[   0.003][v][cplayer]    libswscale      9.4.100
[   0.003][v][cplayer] Configuration: -Dgpl=false -Ddebug=true -Db_ndebug=true -Doptimization=3 -Db_lto=true -Db_lto_mode=thin -Dcplayer=false -Dlibmpv=true -Dpdf-build=disabled -Dlua=enabled -Djavascript=enabled -Dsdl2-gamepad=enabled -Dlibarchive=enabled -Dlibbluray=enabled -Ddvdnav=disabled -Duchardet=enabled -Drubberband=disabled -Dlcms2=enabled -Dopenal=disabled -Dspirv-cross=enabled -Dvulkan=enabled -Dvapoursynth=enabled -Dsubrandr=enabled -Dgl=enabled -Degl-angle=enabled -Dc_args=-Wno-error=int-conversion -Dprefix=/__w/mpv-winbuild/mpv-winbuild/mpv-winbuild-cmake/build64/install/x86_64-w64-mingw32 -Dlibdir=/__w/mpv-winbuild/mpv-winbuild/mpv-winbuild-cmake/build64/install/x86_64-w64-mingw32/lib -Ddefault_library=shared -Dprefer_static=True --cross-file=/__w/mpv-winbuild/mpv-winbuild/mpv-winbuild-cmake/build64/meson_cross.txt
[   0.003][v][cplayer] List of enabled features: amf build-date cplugins cuda-hwaccel cuda-interop d3d-hwaccel d3d11 d3d9-hwaccel debug dos-paths dxgi-debug-d3d11 egl-angle egl-angle-win32 ffmpeg ffnvcodec gl gl-dxinterop gl-dxinterop-d3d9 gl-win32 glob glob-win32 iconv javascript jpeg lcms2 libarchive libass libavdevice libbluray libplacebo luajit sdl2-gamepad shaderc spirv-cross subrandr uchardet vaapi vaapi-win32 vapoursynth vector vulkan wasapi win32 win32-desktop win32-smtc win32-threads zimg zimg-st428 zlib
[   0.003][v][cplayer] Built with NDEBUG.
[   0.003][v][cplayer] mpv v0.41.0-255-g45019b21b Copyright © 2000-2026 mpv/MPlayer/mplayer2 projects
[   0.003][v][cplayer]  built on Mar  5 2026 16:08:30
[   0.003][v][cplayer] libplacebo version: v7.361.0 (v7.360.0-7-g48bd967-dirty)
[   0.003][v][cplayer] FFmpeg version: N-123177-g6e322fa58
[   0.003][v][cplayer] FFmpeg library versions:
[   0.003][v][cplayer]    libavcodec      62.24.101
[   0.003][v][cplayer]    libavdevice     62.2.100
[   0.003][v][cplayer]    libavfilter     11.13.100
[   0.003][v][cplayer]    libavformat     62.10.101
[   0.003][v][cplayer]    libavutil       60.25.100
[   0.003][v][cplayer]    libswresample   6.2.100
[   0.003][v][cplayer]    libswscale      9.4.100
[   0.003][v][cplayer] Configuration: -Dgpl=false -Ddebug=true -Db_ndebug=true -Doptimization=3 -Db_lto=true -Db_lto_mode=thin -Dcplayer=false -Dlibmpv=true -Dpdf-build=disabled -Dlua=enabled -Djavascript=enabled -Dsdl2-gamepad=enabled -Dlibarchive=enabled -Dlibbluray=enabled -Ddvdnav=disabled -Duchardet=enabled -Drubberband=disabled -Dlcms2=enabled -Dopenal=disabled -Dspirv-cross=enabled -Dvulkan=enabled -Dvapoursynth=enabled -Dsubrandr=enabled -Dgl=enabled -Degl-angle=enabled -Dc_args=-Wno-error=int-conversion -Dprefix=/__w/mpv-winbuild/mpv-winbuild/mpv-winbuild-cmake/build64/install/x86_64-w64-mingw32 -Dlibdir=/__w/mpv-winbuild/mpv-winbuild/mpv-winbuild-cmake/build64/install/x86_64-w64-mingw32/lib -Ddefault_library=shared -Dprefer_static=True --cross-file=/__w/mpv-winbuild/mpv-winbuild/mpv-winbuild-cmake/build64/meson_cross.txt
[   0.003][v][cplayer] List of enabled features: amf build-date cplugins cuda-hwaccel cuda-interop d3d-hwaccel d3d11 d3d9-hwaccel debug dos-paths dxgi-debug-d3d11 egl-angle egl-angle-win32 ffmpeg ffnvcodec gl gl-dxinterop gl-dxinterop-d3d9 gl-win32 glob glob-win32 iconv javascript jpeg lcms2 libarchive libass libavdevice libbluray libplacebo luajit sdl2-gamepad shaderc spirv-cross subrandr uchardet vaapi vaapi-win32 vapoursynth vector vulkan wasapi win32 win32-desktop win32-smtc win32-threads zimg zimg-st428 zlib
[   0.003][v][cplayer] Built with NDEBUG.
[   0.003][d][global] home path: '' -> '-'
[   0.003][d][global] user path: '~~home/' -> ''
[   0.003][d][global] user path: '~~old_home/' -> ''
[   0.004][d][osc] Loading lua script @osc.lua...
[   0.005][d][ytdl_hook] Loading lua script @ytdl_hook.lua...
[   0.005][d][stats] Loading lua script @stats.lua...
[   0.005][d][console] Loading lua script @console.lua...
[   0.005][d][osc] loading mp.defaults
[   0.005][d][ytdl_hook] loading mp.defaults
[   0.005][d][auto_profiles] Loading lua script @auto_profiles.lua...
[   0.005][d][stats] loading mp.defaults
[   0.005][d][console] loading mp.defaults
[   0.005][d][select] Loading lua script @select.lua...
[   0.005][d][auto_profiles] loading mp.defaults
[   0.005][d][positioning] Loading lua script @positioning.lua...
[   0.005][d][select] loading mp.defaults
[   0.005][d][commands] Loading lua script @commands.lua...
[   0.005][v][clipboard] Initialized win32 clipboard backend.
[   0.005][d][positioning] loading mp.defaults
[   0.005][d][stats] loading @stats.lua
[   0.005][d][osc] loading @osc.lua
[   0.005][d][ytdl_hook] loading @ytdl_hook.lua
[   0.005][d][console] loading @console.lua
[   0.006][d][commands] loading mp.defaults
[   0.006][d][auto_profiles] loading @auto_profiles.lua
[   0.006][d][select] loading @select.lua
[   0.006][v][vo/gpu] Probing for best GPU context.
[   0.006][v][vo/gpu/auto] Initializing GPU context 'auto'
[   0.006][v][vo/gpu/d3d11] Initializing GPU context 'd3d11'
[   0.006][d][positioning] loading @positioning.lua
[   0.006][d][commands] loading @commands.lua
[   0.006][d][positioning] reading options for positioning
[   0.006][d][positioning] script-opts/positioning.conf not found.
[   0.006][d][positioning] lua-settings/positioning.conf not found.
[   0.006][d][ytdl_hook] reading options for ytdl_hook
[   0.006][d][ytdl_hook] script-opts/ytdl_hook.conf not found.
[   0.006][d][ytdl_hook] lua-settings/ytdl_hook.conf not found.
[   0.007][d][select] reading options for select
[   0.007][d][select] script-opts/select.conf not found.
[   0.007][d][select] lua-settings/select.conf not found.
[   0.007][d][stats] reading options for stats
[   0.007][d][stats] script-opts/stats.conf not found.
[   0.007][d][stats] lua-settings/stats.conf not found.
[   0.077][v][vo/gpu/d3d11] Using Direct3D 11 feature level 12_1
[   0.077][v][vo/gpu/d3d11] Device Name: AMD Radeon RX 6800 XT
[   0.077][v][vo/gpu/d3d11] Device ID: 1002:73bf (rev c1)
[   0.077][v][vo/gpu/d3d11] Subsystem ID: 1da2:e438
[   0.077][v][vo/gpu/d3d11] LUID: 0000000000019e49
[   0.077][v][vo/gpu/d3d11] Initializing SPIR-V compiler 'shaderc'
[   0.077][v][vo/gpu/d3d11] Using Direct3D 11.1 runtime
[   0.077][v][vo/gpu/d3d11] Maximum Texture2D size: 16384x16384
[   0.080][v][vo/gpu/d3d11] D3DCompiler version: 10.0.26100.7824
[   0.088][v][vo/gpu/win32] resize window: 1280:720
[   0.088][v][vo/gpu/win32] DPI detected from the new API: 96
[   0.088][v][vo/gpu/win32] display-fps: 32.000000
[   0.091][v][vo/gpu/win32] color-profile: C:\WINDOWS\system32\spool\drivers\color\sRGB Color Space Profile.icm
[   0.097][v][vo/gpu/d3d11] Using DXGI 1.2+
[   0.098][v][vo/gpu/d3d11] Queried output: \\.\DISPLAY1, 1920x1080 @ 8 bits, colorspace: RGB_FULL_G22_NONE_P709 (0)
[   0.098][v][vo/gpu/d3d11] Selected swapchain format R8G8B8A8_UNORM (28), attempting to utilize it.
[   0.099][v][vo/gpu/d3d11] Using flip-model presentation
[   0.099][d][vo/gpu/d3d11] Texture formats:
[   0.099][d][vo/gpu/d3d11]   NAME       COMP*TYPE SIZE           DEPTH PER COMP.
[   0.099][d][vo/gpu/d3d11]   r8         1*unorm   1B    LF CR ST {8}
[   0.099][d][vo/gpu/d3d11]   rg8        2*unorm   2B    LF CR ST {8 8}
[   0.099][d][vo/gpu/d3d11]   rgba8      4*unorm   4B    LF CR ST {8 8 8 8}
[   0.099][d][vo/gpu/d3d11]   r16        1*unorm   2B    LF CR ST {16}
[   0.099][d][vo/gpu/d3d11]   rg16       2*unorm   4B    LF CR ST {16 16}
[   0.099][d][vo/gpu/d3d11]   rgba16     4*unorm   8B    LF CR ST {16 16 16 16}
[   0.099][d][vo/gpu/d3d11]   r32ui      1*uint    4B          ST {32}
[   0.099][d][vo/gpu/d3d11]   rg32ui     2*uint    8B          ST {32 32}
[   0.099][d][vo/gpu/d3d11]   rgb32ui    3*uint   12B             {32 32 32}
[   0.099][d][vo/gpu/d3d11]   rgba32ui   4*uint   16B          ST {32 32 32 32}
[   0.099][d][vo/gpu/d3d11]   r16hf      1*float   2B    LF CR ST {16}
[   0.099][d][vo/gpu/d3d11]   rg16hf     2*float   4B    LF CR ST {16 16}
[   0.099][d][vo/gpu/d3d11]   rgba16hf   4*float   8B    LF CR ST {16 16 16 16}
[   0.099][d][vo/gpu/d3d11]   r32f       1*float   4B    LF CR ST {32}
[   0.099][d][vo/gpu/d3d11]   rg32f      2*float   8B    LF CR ST {32 32}
[   0.099][d][vo/gpu/d3d11]   rgb32f     3*float  12B             {32 32 32}
[   0.099][d][vo/gpu/d3d11]   rgba32f    4*float  16B    LF CR ST {32 32 32 32}
[   0.099][d][vo/gpu/d3d11]   rgb10_a2   4*unorm   4B    LF CR ST {10 10 10 2}
[   0.099][d][vo/gpu/d3d11]   bgra8      4*unorm   4B    LF CR ST {8 8 8 8}
[   0.099][d][vo/gpu/d3d11]   bgrx8      3*unorm   4B    LF CR    {8 8 8}
[   0.099][d][vo/gpu/d3d11]  LA = LUMINANCE_ALPHA hack format
[   0.099][d][vo/gpu/d3d11]  LF = linear filterable
[   0.099][d][vo/gpu/d3d11]  CR = can be used for render targets
[   0.099][d][vo/gpu/d3d11]  ST = can be used for storable images
[   0.099][d][vo/gpu/d3d11] Image formats:
[   0.099][d][vo/gpu/d3d11]   yuv444p => 3 planes 1x1 8/0 [r8/r8/r8] (r/g/b) [unorm]
[   0.099][d][vo/gpu/d3d11]   yuv420p => 3 planes 2x2 8/0 [r8/r8/r8] (r/g/b) [unorm]
[   0.099][d][vo/gpu/d3d11]   gray => 1 planes 1x1 8/0 [r8] (r) [unorm]
[   0.099][d][vo/gpu/d3d11]   gray16 => 1 planes 1x1 16/0 [r16] (r) [unorm]
[   0.099][d][vo/gpu/d3d11]   uyvy422
[   0.099][d][vo/gpu/d3d11]   nv12 => 2 planes 2x2 8/0 [r8/rg8] (r/gb) [unorm]
[   0.099][d][vo/gpu/d3d11]   p010 => 2 planes 2x2 16/6 [r16/rg16] (r/gb) [unorm]
[   0.099][d][vo/gpu/d3d11]   argb => 1 planes 1x1 8/0 [rgba8] (argb) [unorm]
[   0.099][d][vo/gpu/d3d11]   bgra => 1 planes 1x1 8/0 [rgba8] (bgra) [unorm]
[   0.099][d][vo/gpu/d3d11]   abgr => 1 planes 1x1 8/0 [rgba8] (abgr) [unorm]
[   0.099][d][vo/gpu/d3d11]   rgba => 1 planes 1x1 8/0 [rgba8] (rgba) [unorm]
[   0.099][d][vo/gpu/d3d11]   bgr24
[   0.099][d][vo/gpu/d3d11]   rgb24
[   0.099][d][vo/gpu/d3d11]   x2rgb10
[   0.099][d][vo/gpu/d3d11]   x2bgr10 => 1 planes 1x1 10/0 [rgb10_a2] (rgb) [unknown]
[   0.099][d][vo/gpu/d3d11]   rgbaf16 => 1 planes 1x1 16/0 [rgba16hf] (rgba) [float]
[   0.099][d][vo/gpu/d3d11]   0rgb => 1 planes 1x1 8/0 [rgba8] (_rgb) [unorm]
[   0.099][d][vo/gpu/d3d11]   bgr0 => 1 planes 1x1 8/0 [rgba8] (bgr) [unorm]
[   0.099][d][vo/gpu/d3d11]   0bgr => 1 planes 1x1 8/0 [rgba8] (_bgr) [unorm]
[   0.099][d][vo/gpu/d3d11]   rgb0 => 1 planes 1x1 8/0 [rgba8] (rgb) [unorm]
[   0.099][d][vo/gpu/d3d11]   rgba64 => 1 planes 1x1 16/0 [rgba16] (rgba) [unorm]
[   0.099][d][vo/gpu/d3d11]   rgb565
[   0.099][d][vo/gpu/d3d11]   pal8
[   0.099][d][vo/gpu/d3d11]   vdpau
[   0.099][d][vo/gpu/d3d11]   d3d11
[   0.100][d][vo/gpu/d3d11]   dxva2_vld
[   0.100][d][vo/gpu/d3d11]   mmal
[   0.100][d][vo/gpu/d3d11]   mediacodec
[   0.100][d][vo/gpu/d3d11]   cuda
[   0.100][d][vo/gpu/d3d11]   yap8 => 2 planes 1x1 8/0 [r8/r8] (r/a) [unorm]
[   0.100][d][vo/gpu/d3d11]   yap16 => 2 planes 1x1 16/0 [r16/r16] (r/a) [unorm]
[   0.100][d][vo/gpu/d3d11]   grayaf32 => 2 planes 1x1 32/0 [r32f/r32f] (r/a) [float]
[   0.100][d][vo/gpu/d3d11]   yuv444pf => 3 planes 1x1 32/0 [r32f/r32f/r32f] (r/g/b) [float]
[   0.100][d][vo/gpu/d3d11]   yuva444pf => 4 planes 1x1 32/0 [r32f/r32f/r32f/r32f] (r/g/b/a) [float]
[   0.100][d][vo/gpu/d3d11]   yuv420pf => 3 planes 2x2 32/0 [r32f/r32f/r32f] (r/g/b) [float]
[   0.100][d][vo/gpu/d3d11]   yuva420pf => 4 planes 2x2 32/0 [r32f/r32f/r32f/r32f] (r/g/b/a) [float]
[   0.100][d][vo/gpu/d3d11]   yuv422pf => 3 planes 2x1 32/0 [r32f/r32f/r32f] (r/g/b) [float]
[   0.100][d][vo/gpu/d3d11]   yuva422pf => 4 planes 2x1 32/0 [r32f/r32f/r32f/r32f] (r/g/b/a) [float]
[   0.100][d][vo/gpu/d3d11]   yuv440pf => 3 planes 1x2 32/0 [r32f/r32f/r32f] (r/g/b) [float]
[   0.100][d][vo/gpu/d3d11]   yuva440pf => 4 planes 1x2 32/0 [r32f/r32f/r32f/r32f] (r/g/b/a) [float]
[   0.100][d][vo/gpu/d3d11]   yuv410pf => 3 planes 4x4 32/0 [r32f/r32f/r32f] (r/g/b) [float]
[   0.100][d][vo/gpu/d3d11]   yuva410pf => 4 planes 4x4 32/0 [r32f/r32f/r32f/r32f] (r/g/b/a) [float]
[   0.100][d][vo/gpu/d3d11]   yuv411pf => 3 planes 4x1 32/0 [r32f/r32f/r32f] (r/g/b) [float]
[   0.100][d][vo/gpu/d3d11]   yuva411pf => 4 planes 4x1 32/0 [r32f/r32f/r32f/r32f] (r/g/b/a) [float]
[   0.100][d][vo/gpu/d3d11]   y1 => 1 planes 1x1 8/-7 [r8] (r) [unorm]
[   0.100][d][vo/gpu/d3d11]   gbrp1 => 3 planes 1x1 8/-7 [r8/r8/r8] (g/b/r) [unorm]
[   0.100][d][vo/gpu/d3d11]   gbrp2 => 3 planes 1x1 8/-6 [r8/r8/r8] (g/b/r) [unorm]
[   0.100][d][vo/gpu/d3d11]   gbrp3 => 3 planes 1x1 8/-5 [r8/r8/r8] (g/b/r) [unorm]
[   0.100][d][vo/gpu/d3d11]   gbrp4 => 3 planes 1x1 8/-4 [r8/r8/r8] (g/b/r) [unorm]
[   0.100][d][vo/gpu/d3d11]   gbrp5 => 3 planes 1x1 8/-3 [r8/r8/r8] (g/b/r) [unorm]
[   0.100][d][vo/gpu/d3d11]   gbrp6 => 3 planes 1x1 8/-2 [r8/r8/r8] (g/b/r) [unorm]
[   0.100][d][vo/gpu/d3d11]   vdpau_output
[   0.100][d][vo/gpu/d3d11]   vaapi
[   0.100][d][vo/gpu/d3d11]   videotoolbox
[   0.100][d][vo/gpu/d3d11]   vulkan
[   0.100][d][vo/gpu/d3d11]   drm_prime
[   0.100][d][vo/gpu/d3d11]   yuyv422
[   0.100][d][vo/gpu/d3d11]   yuv422p => 3 planes 2x1 8/0 [r8/r8/r8] (r/g/b) [unorm]
[   0.100][d][vo/gpu/d3d11]   yuv410p => 3 planes 4x4 8/0 [r8/r8/r8] (r/g/b) [unorm]
[   0.100][d][vo/gpu/d3d11]   yuv411p => 3 planes 4x1 8/0 [r8/r8/r8] (r/g/b) [unorm]
[   0.100][d][vo/gpu/d3d11]   monow
[   0.100][d][vo/gpu/d3d11]   monob
[   0.100][d][vo/gpu/d3d11]   yuvj422p => 3 planes 2x1 8/0 [r8/r8/r8] (r/g/b) [unorm]
[   0.100][d][vo/gpu/d3d11]   uyyvyy411
[   0.100][d][vo/gpu/d3d11]   bgr8
[   0.100][d][vo/gpu/d3d11]   bgr4
[   0.100][d][vo/gpu/d3d11]   bgr4_byte
[   0.100][d][vo/gpu/d3d11]   rgb8
[   0.100][d][vo/gpu/d3d11]   rgb4
[   0.100][d][vo/gpu/d3d11]   rgb4_byte
[   0.100][d][vo/gpu/d3d11]   nv21 => 2 planes 2x2 8/0 [r8/rg8] (r/bg) [unorm]
[   0.100][d][vo/gpu/d3d11]   gray16be
[   0.100][d][vo/gpu/d3d11]   yuv440p => 3 planes 1x2 8/0 [r8/r8/r8] (r/g/b) [unorm]
[   0.100][d][vo/gpu/d3d11]   yuvj440p => 3 planes 1x2 8/0 [r8/r8/r8] (r/g/b) [unorm]
[   0.100][d][vo/gpu/d3d11]   yuva420p => 4 planes 2x2 8/0 [r8/r8/r8/r8] (r/g/b/a) [unorm]
[   0.100][d][vo/gpu/d3d11]   rgb48be
[   0.100][d][vo/gpu/d3d11]   rgb48
[   0.100][d][vo/gpu/d3d11]   rgb565be
[   0.100][d][vo/gpu/d3d11]   rgb555be
[   0.100][d][vo/gpu/d3d11]   rgb555
[   0.100][d][vo/gpu/d3d11]   bgr565be
[   0.100][d][vo/gpu/d3d11]   bgr565
[   0.100][d][vo/gpu/d3d11]   bgr555be
[   0.100][d][vo/gpu/d3d11]   bgr555
[   0.100][d][vo/gpu/d3d11]   yuv420p16 => 3 planes 2x2 16/0 [r16/r16/r16] (r/g/b) [unorm]
[   0.100][d][vo/gpu/d3d11]   yuv420p16be
[   0.100][d][vo/gpu/d3d11]   yuv422p16 => 3 planes 2x1 16/0 [r16/r16/r16] (r/g/b) [unorm]
[   0.100][d][vo/gpu/d3d11]   yuv422p16be
[   0.100][d][vo/gpu/d3d11]   yuv444p16 => 3 planes 1x1 16/0 [r16/r16/r16] (r/g/b) [unorm]
[   0.100][d][vo/gpu/d3d11]   yuv444p16be
[   0.100][d][vo/gpu/d3d11]   rgb444
[   0.100][d][vo/gpu/d3d11]   rgb444be
[   0.100][d][vo/gpu/d3d11]   bgr444
[   0.100][d][vo/gpu/d3d11]   bgr444be
[   0.100][d][vo/gpu/d3d11]   ya8 => 1 planes 1x1 8/0 [rg8] (ra) [unorm]
[   0.100][d][vo/gpu/d3d11]   bgr48be
[   0.100][d][vo/gpu/d3d11]   bgr48
[   0.100][d][vo/gpu/d3d11]   yuv420p9be
[   0.100][d][vo/gpu/d3d11]   yuv420p9 => 3 planes 2x2 16/-7 [r16/r16/r16] (r/g/b) [unorm]
[   0.100][d][vo/gpu/d3d11]   yuv420p10be
[   0.100][d][vo/gpu/d3d11]   yuv420p10 => 3 planes 2x2 16/-6 [r16/r16/r16] (r/g/b) [unorm]
[   0.100][d][vo/gpu/d3d11]   yuv422p10be
[   0.100][d][vo/gpu/d3d11]   yuv422p10 => 3 planes 2x1 16/-6 [r16/r16/r16] (r/g/b) [unorm]
[   0.100][d][vo/gpu/d3d11]   yuv444p9be
[   0.100][d][vo/gpu/d3d11]   yuv444p9 => 3 planes 1x1 16/-7 [r16/r16/r16] (r/g/b) [unorm]
[   0.100][d][vo/gpu/d3d11]   yuv444p10be
[   0.100][d][vo/gpu/d3d11]   yuv444p10 => 3 planes 1x1 16/-6 [r16/r16/r16] (r/g/b) [unorm]
[   0.100][d][vo/gpu/d3d11]   yuv422p9be
[   0.100][d][vo/gpu/d3d11]   yuv422p9 => 3 planes 2x1 16/-7 [r16/r16/r16] (r/g/b) [unorm]
[   0.100][d][vo/gpu/d3d11]   gbrp => 3 planes 1x1 8/0 [r8/r8/r8] (g/b/r) [unorm]
[   0.100][d][vo/gpu/d3d11]   gbrp9be
[   0.100][d][vo/gpu/d3d11]   gbrp9 => 3 planes 1x1 16/-7 [r16/r16/r16] (g/b/r) [unorm]
[   0.100][d][vo/gpu/d3d11]   gbrp10be
[   0.100][d][vo/gpu/d3d11]   gbrp10 => 3 planes 1x1 16/-6 [r16/r16/r16] (g/b/r) [unorm]
[   0.100][d][vo/gpu/d3d11]   gbrp16be
[   0.100][d][vo/gpu/d3d11]   gbrp16 => 3 planes 1x1 16/0 [r16/r16/r16] (g/b/r) [unorm]
[   0.100][d][vo/gpu/d3d11]   yuva422p => 4 planes 2x1 8/0 [r8/r8/r8/r8] (r/g/b/a) [unorm]
[   0.100][d][vo/gpu/d3d11]   yuva444p => 4 planes 1x1 8/0 [r8/r8/r8/r8] (r/g/b/a) [unorm]
[   0.100][d][vo/gpu/d3d11]   yuva420p9be
[   0.100][d][vo/gpu/d3d11]   yuva420p9 => 4 planes 2x2 16/-7 [r16/r16/r16/r16] (r/g/b/a) [unorm]
[   0.100][d][vo/gpu/d3d11]   yuva422p9be
[   0.100][d][vo/gpu/d3d11]   yuva422p9 => 4 planes 2x1 16/-7 [r16/r16/r16/r16] (r/g/b/a) [unorm]
[   0.100][d][vo/gpu/d3d11]   yuva444p9be
[   0.100][d][vo/gpu/d3d11]   yuva444p9 => 4 planes 1x1 16/-7 [r16/r16/r16/r16] (r/g/b/a) [unorm]
[   0.100][d][vo/gpu/d3d11]   yuva420p10be
[   0.100][d][vo/gpu/d3d11]   yuva420p10 => 4 planes 2x2 16/-6 [r16/r16/r16/r16] (r/g/b/a) [unorm]
[   0.100][d][vo/gpu/d3d11]   yuva422p10be
[   0.100][d][vo/gpu/d3d11]   yuva422p10 => 4 planes 2x1 16/-6 [r16/r16/r16/r16] (r/g/b/a) [unorm]
[   0.100][d][vo/gpu/d3d11]   yuva444p10be
[   0.100][d][vo/gpu/d3d11]   yuva444p10 => 4 planes 1x1 16/-6 [r16/r16/r16/r16] (r/g/b/a) [unorm]
[   0.100][d][vo/gpu/d3d11]   yuva420p16be
[   0.100][d][vo/gpu/d3d11]   yuva420p16 => 4 planes 2x2 16/0 [r16/r16/r16/r16] (r/g/b/a) [unorm]
[   0.100][d][vo/gpu/d3d11]   yuva422p16be
[   0.100][d][vo/gpu/d3d11]   yuva422p16 => 4 planes 2x1 16/0 [r16/r16/r16/r16] (r/g/b/a) [unorm]
[   0.100][d][vo/gpu/d3d11]   yuva444p16be
[   0.100][d][vo/gpu/d3d11]   yuva444p16 => 4 planes 1x1 16/0 [r16/r16/r16/r16] (r/g/b/a) [unorm]
[   0.100][d][vo/gpu/d3d11]   xyz12
[   0.100][d][vo/gpu/d3d11]   xyz12be
[   0.100][d][vo/gpu/d3d11]   nv16 => 2 planes 2x1 8/0 [r8/rg8] (r/gb) [unorm]
[   0.100][d][vo/gpu/d3d11]   nv20 => 2 planes 2x1 16/-6 [r16/rg16] (r/gb) [unorm]
[   0.100][d][vo/gpu/d3d11]   nv20be
[   0.100][d][vo/gpu/d3d11]   rgba64be
[   0.100][d][vo/gpu/d3d11]   bgra64be
[   0.100][d][vo/gpu/d3d11]   bgra64 => 1 planes 1x1 16/0 [rgba16] (bgra) [unorm]
[   0.100][d][vo/gpu/d3d11]   yvyu422
[   0.100][d][vo/gpu/d3d11]   ya16be
[   0.100][d][vo/gpu/d3d11]   ya16 => 1 planes 1x1 16/0 [rg16] (ra) [unorm]
[   0.100][d][vo/gpu/d3d11]   gbrap => 4 planes 1x1 8/0 [r8/r8/r8/r8] (g/b/r/a) [unorm]
[   0.100][d][vo/gpu/d3d11]   gbrap16be
[   0.100][d][vo/gpu/d3d11]   gbrap16 => 4 planes 1x1 16/0 [r16/r16/r16/r16] (g/b/r/a) [unorm]
[   0.100][d][vo/gpu/d3d11]   qsv
[   0.100][d][vo/gpu/d3d11]   d3d11va_vld
[   0.100][d][vo/gpu/d3d11]   yuv420p12be
[   0.100][d][vo/gpu/d3d11]   yuv420p12 => 3 planes 2x2 16/-4 [r16/r16/r16] (r/g/b) [unorm]
[   0.100][d][vo/gpu/d3d11]   yuv420p14be
[   0.100][d][vo/gpu/d3d11]   yuv420p14 => 3 planes 2x2 16/-2 [r16/r16/r16] (r/g/b) [unorm]
[   0.100][d][vo/gpu/d3d11]   yuv422p12be
[   0.100][d][vo/gpu/d3d11]   yuv422p12 => 3 planes 2x1 16/-4 [r16/r16/r16] (r/g/b) [unorm]
[   0.100][d][vo/gpu/d3d11]   yuv422p14be
[   0.100][d][vo/gpu/d3d11]   yuv422p14 => 3 planes 2x1 16/-2 [r16/r16/r16] (r/g/b) [unorm]
[   0.100][d][vo/gpu/d3d11]   yuv444p12be
[   0.100][d][vo/gpu/d3d11]   yuv444p12 => 3 planes 1x1 16/-4 [r16/r16/r16] (r/g/b) [unorm]
[   0.100][d][vo/gpu/d3d11]   yuv444p14be
[   0.100][d][vo/gpu/d3d11]   yuv444p14 => 3 planes 1x1 16/-2 [r16/r16/r16] (r/g/b) [unorm]
[   0.100][d][vo/gpu/d3d11]   gbrp12be
[   0.100][d][vo/gpu/d3d11]   gbrp12 => 3 planes 1x1 16/-4 [r16/r16/r16] (g/b/r) [unorm]
[   0.100][d][vo/gpu/d3d11]   gbrp14be
[   0.100][d][vo/gpu/d3d11]   gbrp14 => 3 planes 1x1 16/-2 [r16/r16/r16] (g/b/r) [unorm]
[   0.100][d][vo/gpu/d3d11]   yuvj411p => 3 planes 4x1 8/0 [r8/r8/r8] (r/g/b) [unorm]
[   0.100][d][vo/gpu/d3d11]   bayer_bggr8
[   0.100][d][vo/gpu/d3d11]   bayer_rggb8
[   0.100][d][vo/gpu/d3d11]   bayer_gbrg8
[   0.100][d][vo/gpu/d3d11]   bayer_grbg8
[   0.100][d][vo/gpu/d3d11]   bayer_bggr16
[   0.100][d][vo/gpu/d3d11]   bayer_bggr16be
[   0.100][d][vo/gpu/d3d11]   bayer_rggb16
[   0.100][d][vo/gpu/d3d11]   bayer_rggb16be
[   0.100][d][vo/gpu/d3d11]   bayer_gbrg16
[   0.100][d][vo/gpu/d3d11]   bayer_gbrg16be
[   0.100][d][vo/gpu/d3d11]   bayer_grbg16
[   0.100][d][vo/gpu/d3d11]   bayer_grbg16be
[   0.100][d][vo/gpu/d3d11]   yuv440p10 => 3 planes 1x2 16/-6 [r16/r16/r16] (r/g/b) [unorm]
[   0.100][d][vo/gpu/d3d11]   yuv440p10be
[   0.100][d][vo/gpu/d3d11]   yuv440p12 => 3 planes 1x2 16/-4 [r16/r16/r16] (r/g/b) [unorm]
[   0.100][d][vo/gpu/d3d11]   yuv440p12be
[   0.100][d][vo/gpu/d3d11]   ayuv64 => 1 planes 1x1 16/0 [rgba16] (argb) [unorm]
[   0.100][d][vo/gpu/d3d11]   ayuv64be
[   0.100][d][vo/gpu/d3d11]   p010be
[   0.100][d][vo/gpu/d3d11]   gbrap12be
[   0.100][d][vo/gpu/d3d11]   gbrap12 => 4 planes 1x1 16/-4 [r16/r16/r16/r16] (g/b/r/a) [unorm]
[   0.100][d][vo/gpu/d3d11]   gbrap10be
[   0.100][d][vo/gpu/d3d11]   gbrap10 => 4 planes 1x1 16/-6 [r16/r16/r16/r16] (g/b/r/a) [unorm]
[   0.100][d][vo/gpu/d3d11]   gray12be
[   0.100][d][vo/gpu/d3d11]   gray12 => 1 planes 1x1 16/-4 [r16] (r) [unorm]
[   0.100][d][vo/gpu/d3d11]   gray10be
[   0.100][d][vo/gpu/d3d11]   gray10 => 1 planes 1x1 16/-6 [r16] (r) [unorm]
[   0.100][d][vo/gpu/d3d11]   p016 => 2 planes 2x2 16/0 [r16/rg16] (r/gb) [unorm]
[   0.100][d][vo/gpu/d3d11]   p016be
[   0.100][d][vo/gpu/d3d11]   gray9be
[   0.100][d][vo/gpu/d3d11]   gray9 => 1 planes 1x1 16/-7 [r16] (r) [unorm]
[   0.100][d][vo/gpu/d3d11]   gbrpf32be
[   0.100][d][vo/gpu/d3d11]   gbrpf32 => 3 planes 1x1 32/0 [r32f/r32f/r32f] (g/b/r) [float]
[   0.100][d][vo/gpu/d3d11]   gbrapf32be
[   0.100][d][vo/gpu/d3d11]   gbrapf32 => 4 planes 1x1 32/0 [r32f/r32f/r32f/r32f] (g/b/r/a) [float]
[   0.100][d][vo/gpu/d3d11]   opencl
[   0.100][d][vo/gpu/d3d11]   gray14be
[   0.100][d][vo/gpu/d3d11]   gray14 => 1 planes 1x1 16/-2 [r16] (r) [unorm]
[   0.100][d][vo/gpu/d3d11]   grayf32be
[   0.100][d][vo/gpu/d3d11]   grayf32 => 1 planes 1x1 32/0 [r32f] (r) [float]
[   0.100][d][vo/gpu/d3d11]   yuva422p12be
[   0.100][d][vo/gpu/d3d11]   yuva422p12 => 4 planes 2x1 16/-4 [r16/r16/r16/r16] (r/g/b/a) [unorm]
[   0.100][d][vo/gpu/d3d11]   yuva444p12be
[   0.100][d][vo/gpu/d3d11]   yuva444p12 => 4 planes 1x1 16/-4 [r16/r16/r16/r16] (r/g/b/a) [unorm]
[   0.100][d][vo/gpu/d3d11]   nv24 => 2 planes 1x1 8/0 [r8/rg8] (r/gb) [unorm]
[   0.100][d][vo/gpu/d3d11]   nv42 => 2 planes 1x1 8/0 [r8/rg8] (r/bg) [unorm]
[   0.100][d][vo/gpu/d3d11]   y210be
[   0.100][d][vo/gpu/d3d11]   y210
[   0.100][d][vo/gpu/d3d11]   x2rgb10be
[   0.100][d][vo/gpu/d3d11]   x2bgr10be
[   0.100][d][vo/gpu/d3d11]   p210be
[   0.100][d][vo/gpu/d3d11]   p210 => 2 planes 2x1 16/6 [r16/rg16] (r/gb) [unorm]
[   0.100][d][vo/gpu/d3d11]   p410be
[   0.100][d][vo/gpu/d3d11]   p410 => 2 planes 1x1 16/6 [r16/rg16] (r/gb) [unorm]
[   0.100][d][vo/gpu/d3d11]   p216be
[   0.100][d][vo/gpu/d3d11]   p216 => 2 planes 2x1 16/0 [r16/rg16] (r/gb) [unorm]
[   0.100][d][vo/gpu/d3d11]   p416be
[   0.100][d][vo/gpu/d3d11]   p416 => 2 planes 1x1 16/0 [r16/rg16] (r/gb) [unorm]
[   0.100][d][vo/gpu/d3d11]   vuya => 1 planes 1x1 8/0 [rgba8] (bgra) [unorm]
[   0.100][d][vo/gpu/d3d11]   rgbaf16be
[   0.100][d][vo/gpu/d3d11]   vuyx => 1 planes 1x1 8/0 [rgba8] (bgr) [unorm]
[   0.100][d][vo/gpu/d3d11]   p012 => 2 planes 2x2 16/4 [r16/rg16] (r/gb) [unorm]
[   0.100][d][vo/gpu/d3d11]   p012be
[   0.100][d][vo/gpu/d3d11]   y212be
[   0.100][d][vo/gpu/d3d11]   y212
[   0.100][d][vo/gpu/d3d11]   xv30be
[   0.100][d][vo/gpu/d3d11]   xv30
[   0.100][d][vo/gpu/d3d11]   xv36be
[   0.100][d][vo/gpu/d3d11]   xv36 => 1 planes 1x1 16/4 [rgba16] (grb) [unorm]
[   0.100][d][vo/gpu/d3d11]   rgbf32be
[   0.100][d][vo/gpu/d3d11]   rgbf32
[   0.100][d][vo/gpu/d3d11]   rgbaf32be
[   0.100][d][vo/gpu/d3d11]   rgbaf32
[   0.100][d][vo/gpu/d3d11]   p212be
[   0.100][d][vo/gpu/d3d11]   p212 => 2 planes 2x1 16/4 [r16/rg16] (r/gb) [unorm]
[   0.100][d][vo/gpu/d3d11]   p412be
[   0.100][d][vo/gpu/d3d11]   p412 => 2 planes 1x1 16/4 [r16/rg16] (r/gb) [unorm]
[   0.100][d][vo/gpu/d3d11]   gbrap14be
[   0.100][d][vo/gpu/d3d11]   gbrap14 => 4 planes 1x1 16/-2 [r16/r16/r16/r16] (g/b/r/a) [unorm]
[   0.100][d][vo/gpu/d3d11]   d3d12
[   0.100][d][vo/gpu/d3d11]   ayuv => 1 planes 1x1 8/0 [rgba8] (argb) [unorm]
[   0.100][d][vo/gpu/d3d11]   uyva => 1 planes 1x1 8/0 [rgba8] (grba) [unorm]
[   0.100][d][vo/gpu/d3d11]   vyu444
[   0.100][d][vo/gpu/d3d11]   v30xbe
[   0.100][d][vo/gpu/d3d11]   v30x
[   0.100][d][vo/gpu/d3d11]   rgbf16be
[   0.100][d][vo/gpu/d3d11]   rgbf16
[   0.100][d][vo/gpu/d3d11]   rgba128be
[   0.100][d][vo/gpu/d3d11]   rgba128
[   0.100][d][vo/gpu/d3d11]   rgb96be
[   0.100][d][vo/gpu/d3d11]   rgb96
[   0.100][d][vo/gpu/d3d11]   y216be
[   0.100][d][vo/gpu/d3d11]   y216
[   0.100][d][vo/gpu/d3d11]   xv48be
[   0.100][d][vo/gpu/d3d11]   xv48 => 1 planes 1x1 16/0 [rgba16] (grb) [unorm]
[   0.100][d][vo/gpu/d3d11]   gbrpf16be
[   0.100][d][vo/gpu/d3d11]   gbrpf16 => 3 planes 1x1 16/0 [r16hf/r16hf/r16hf] (g/b/r) [float]
[   0.100][d][vo/gpu/d3d11]   gbrapf16be
[   0.100][d][vo/gpu/d3d11]   gbrapf16 => 4 planes 1x1 16/0 [r16hf/r16hf/r16hf/r16hf] (g/b/r/a) [float]
[   0.100][d][vo/gpu/d3d11]   grayf16be
[   0.100][d][vo/gpu/d3d11]   grayf16 => 1 planes 1x1 16/0 [r16hf] (r) [float]
[   0.100][d][vo/gpu/d3d11]   amf
[   0.100][d][vo/gpu/d3d11]   gray32be
[   0.100][d][vo/gpu/d3d11]   gray32 => 1 planes 1x1 32/0 [r32ui] (r) [uint ]
[   0.100][d][vo/gpu/d3d11]   yaf32be
[   0.100][d][vo/gpu/d3d11]   yaf32 => 1 planes 1x1 32/0 [rg32f] (ra) [float]
[   0.100][d][vo/gpu/d3d11]   yaf16be
[   0.100][d][vo/gpu/d3d11]   yaf16 => 1 planes 1x1 16/0 [rg16hf] (ra) [float]
[   0.100][d][vo/gpu/d3d11]   gbrap32be
[   0.100][d][vo/gpu/d3d11]   gbrap32 => 4 planes 1x1 32/0 [r32ui/r32ui/r32ui/r32ui] (g/b/r/a) [uint ]
[   0.100][d][vo/gpu/d3d11]   yuv444p10msbbe
[   0.100][d][vo/gpu/d3d11]   yuv444p10msb => 3 planes 1x1 16/6 [r16/r16/r16] (r/g/b) [unorm]
[   0.100][d][vo/gpu/d3d11]   yuv444p12msbbe
[   0.100][d][vo/gpu/d3d11]   yuv444p12msb => 3 planes 1x1 16/4 [r16/r16/r16] (r/g/b) [unorm]
[   0.100][d][vo/gpu/d3d11]   gbrp10msbbe
[   0.100][d][vo/gpu/d3d11]   gbrp10msb => 3 planes 1x1 16/6 [r16/r16/r16] (g/b/r) [unorm]
[   0.100][d][vo/gpu/d3d11]   gbrp12msbbe
[   0.100][d][vo/gpu/d3d11]   gbrp12msb => 3 planes 1x1 16/4 [r16/r16/r16] (g/b/r) [unorm]
[   0.100][d][vo/gpu/d3d11]   ohcodec
[   0.100][v][vo/gpu] Testing FBO format rgba16hf
[   0.100][d][vo/gpu] Resizing texture: 16x16
[   0.101][v][vo/gpu] Using FBO format rgba16hf.
[   0.101][d][global] cache path: '' -> '-'
[   0.102][v][vo/gpu] Resize: 1280x720
[   0.102][v][vo/gpu] Reported display depth: 8
[   0.103][v][vo/gpu] Assuming 32.000000 FPS for display sync.
[   0.103][v][vo/gpu] reconfig to 960x540 rgba rgb/bt.709/srgb/full/display CL=mpeg1/jpeg
[   0.103][d][vo/gpu] max content size: 1920x1032
[   0.103][d][vo/gpu] monitor size: 1920x1080
[   0.103][v][vo/gpu] Resize: 1280x720
[   0.103][v][vo/gpu] Window size: 1280x720 (Borders: l=0 t=0 r=0 b=0)
[   0.103][v][vo/gpu] Video source: 960x540 (1:1)
[   0.103][v][vo/gpu] Video display: (0, 0) 960x540 -> (0, 0) 1280x720
[   0.103][v][vo/gpu] Video scale: 1.333333/1.333333
[   0.103][v][vo/gpu] OSD borders: l=0 t=0 r=0 b=0
[   0.103][v][vo/gpu] Video borders: l=0 t=0 r=0 b=0
[   0.103][v][vo/gpu] Reported display depth: 8
[   0.103][v][vo/gpu] Texture for plane 0: 960x540
[   0.104][v][vo/gpu] Testing FBO format rgba16hf
[   0.104][d][vo/gpu] Resizing texture: 16x16
[   0.104][v][vo/gpu] Using FBO format rgba16hf.
[   0.104][d][commands] reading options for commands
[   0.104][d][commands] script-opts/commands.conf not found.
[   0.104][d][commands] lua-settings/commands.conf not found.
[   0.104][d][console] reading options for console
[   0.104][d][console] script-opts/console.conf not found.
[   0.104][d][console] lua-settings/console.conf not found.
[   0.104][d][cplayer] Run command: define-section, flags=64, args=[name="showhide", contents="mouse_move script-binding osc/__keybinding1\nmouse_leave script-binding osc/__keybinding2\n", flags="force"]
[   0.105][d][cplayer] Run command: define-section, flags=64, args=[name="input_positioning", contents="", flags="default"]
[   0.105][d][cplayer] Run command: define-section, flags=64, args=[name="input_select", contents="", flags="default"]
[   0.105][d][cplayer] Run command: define-section, flags=64, args=[name="showhide_wc", contents="mouse_move script-binding osc/__keybinding3\nmouse_leave script-binding osc/__keybinding4\n", flags="force"]
[   0.105][d][cplayer] Run command: enable-section, flags=64, args=[name="showhide", flags="allow-hide-cursor+allow-vo-dragging"]
[   0.105][d][cplayer] Run command: define-section, flags=64, args=[name="input_commands", contents="", flags="default"]
[   0.105][d][cplayer] Run command: enable-section, flags=64, args=[name="showhide_wc", flags="allow-hide-cursor+allow-vo-dragging"]
[   0.105][d][cplayer] Run command: enable-section, flags=64, args=[name="input_select", flags="allow-hide-cursor+allow-vo-dragging"]
[   0.105][d][cplayer] Run command: enable-section, flags=64, args=[name="input_commands", flags="allow-hide-cursor+allow-vo-dragging"]
[   0.105][d][cplayer] Run command: define-section, flags=64, args=[name="input", contents="mbtn_left script-binding osc/__keybinding5\nmbtn_mid script-binding osc/__keybinding6\nmbtn_right script-binding osc/__keybinding7\nshift+mbtn_left script-binding osc/__keybinding8\nwheel_up script-binding osc/__keybinding9\nwheel_down script-binding osc/__keybinding10\nmbtn_left_dbl ignore\nshift+mbtn_left_dbl ignore\nmbtn_right_dbl ignore\n", flags="force"]
[   0.105][d][cplayer] Run command: define-section, flags=64, args=[name="input_console", contents="", flags="default"]
[   0.105][d][cplayer] Run command: enable-section, flags=64, args=[name="input_console", flags="allow-hide-cursor+allow-vo-dragging"]
[   0.105][d][cplayer] Run command: define-section, flags=64, args=[name="input_forced_commands", contents="", flags="force"]
[   0.105][d][cplayer] Run command: define-section, flags=64, args=[name="input_stats", contents="", flags="default"]
[   0.105][d][cplayer] Run command: enable-section, flags=64, args=[name="input_positioning", flags="allow-hide-cursor+allow-vo-dragging"]
[   0.105][d][cplayer] Run command: define-section, flags=64, args=[name="input_forced_select", contents="", flags="force"]
[   0.105][d][cplayer] Run command: enable-section, flags=64, args=[name="input_forced_commands", flags="allow-hide-cursor+allow-vo-dragging"]
[   0.105][d][cplayer] Run command: enable-section, flags=64, args=[name="input_forced_select", flags="allow-hide-cursor+allow-vo-dragging"]
[   0.105][d][cplayer] Run command: enable-section, flags=64, args=[name="input_stats", flags="allow-hide-cursor+allow-vo-dragging"]
[   0.105][d][cplayer] Run command: define-section, flags=64, args=[name="input_forced_positioning", contents="", flags="force"]
[   0.105][d][cplayer] Run command: define-section, flags=64, args=[name="input_forced_console", contents="", flags="force"]
[   0.105][d][cplayer] Run command: define-section, flags=64, args=[name="input_forced_stats", contents="", flags="force"]
[   0.105][d][cplayer] Run command: enable-section, flags=64, args=[name="input_forced_positioning", flags="allow-hide-cursor+allow-vo-dragging"]
[   0.105][d][cplayer] Run command: enable-section, flags=64, args=[name="input_forced_console", flags="allow-hide-cursor+allow-vo-dragging"]
[   0.105][d][cplayer] Run command: enable-section, flags=64, args=[name="input", flags=""]
[   0.105][d][cplayer] Run command: enable-section, flags=64, args=[name="input_forced_stats", flags="allow-hide-cursor+allow-vo-dragging"]
[   0.105][d][cplayer] Run command: define-section, flags=64, args=[name="window-controls", contents="mbtn_left script-binding osc/__keybinding11\n", flags="force"]
[   0.105][d][cplayer] Run command: enable-section, flags=64, args=[name="window-controls", flags=""]
[   0.105][v][cplayer] Waiting for scripts...
[   0.106][d][osc] reading options for osc
[   0.106][d][osc] script-opts/osc.conf not found.
[   0.106][d][osc] lua-settings/osc.conf not found.
[   0.107][d][osd/libass] ASS library version: 0x1704000 (runtime 0x1704000)
[   0.107][d][auto_profiles] Destroying client handle...
[   0.107][v][osd/libass] libass API version: 0x1704000
[   0.107][v][osd/libass] libass source: meson, commit: 0.17.4-21-gfadc390583f24eb5cf98f16925fd3adee50bca88
[   0.107][v][osd/libass] Shaper: FriBidi 1.0.16 (SIMPLE) HarfBuzz-ng 13.0.0 (COMPLEX)
[   0.108][v][osd/libass] Setting up fonts...
[   0.108][v][osd/libass] Using font provider directwrite (with GDI)
[   0.108][v][osd/libass] Done.
[   0.108][v][cplayer] Set property: user-data/osc/visibility="auto" -> 1
[   0.108][d][cplayer] Run command: disable-section, flags=64, args=[name="input"]
[   0.108][d][cplayer] Run command: disable-section, flags=64, args=[name="window-controls"]
[   0.108][v][cplayer] Set property: user-data/osc/margins={"t":0,"b":0,"l":0,"r":0} -> 1
[   0.108][d][cplayer] Run command: loadfile, flags=64, args=[url="http://192.168.1.123:3089/stream/1?raw=true", flags="", index="-1", options=""]
[   0.108][v][cplayer] Done loading scripts.
[   0.108][d][global] state path: 'watch_later' -> '-'
[   0.108][v][cplayer] Running hook: auto_profiles/on_before_start_file
[   0.109][v][cplayer] Failed sending hook command auto_profiles/on_before_start_file. Removing hook.
[   0.109][d][global] state path: 'watch_later' -> '-'
[   0.109][v][cplayer] Running hook: auto_profiles/on_load
[   0.109][v][cplayer] Failed sending hook command auto_profiles/on_load. Removing hook.
[   0.109][v][cplayer] Running hook: ytdl_hook/on_load
[   0.109][v][cplayer] Running hook: ytdl_hook/on_load
[   0.109][v][ytdl_hook] playlist hook
[   0.110][v][stream_callback] Opening http://192.168.1.123:3089/stream/1?raw=true
[   0.110][v][cplayer] Set property: user-data/osc/margins={"t":0,"b":0,"l":0,"r":0} -> 1
[   0.110][d][osc] osc_init
[   0.110][v][ffmpeg] Opening http://192.168.1.123:3089/stream/1?raw=true
[   0.110][v][cplayer] Set property: user-data/osc/margins={"t":0,"b":0,"l":0,"r":0} -> 1
[   0.110][d][osd/libass] ASS library version: 0x1704000 (runtime 0x1704000)
[   0.110][v][osd/libass] libass API version: 0x1704000
[   0.110][v][osd/libass] libass source: meson, commit: 0.17.4-21-gfadc390583f24eb5cf98f16925fd3adee50bca88
[   0.111][v][osd/libass] Shaper: FriBidi 1.0.16 (SIMPLE) HarfBuzz-ng 13.0.0 (COMPLEX)
[   0.111][v][osd/libass] Setting up fonts...
[   0.111][v][osd/libass] Using font provider directwrite (with GDI)
[   0.111][v][osd/libass] Done.
[   0.111][d][ffmpeg] tcp: Starting connection attempt to 192.168.1.123 port 3089
[   0.111][d][cplayer] Run command: define-section, flags=64, args=[name="input_osc", contents="", flags="default"]
[   0.111][d][cplayer] Run command: enable-section, flags=64, args=[name="input_osc", flags="allow-hide-cursor+allow-vo-dragging"]
[   0.111][d][cplayer] Run command: define-section, flags=64, args=[name="input_forced_osc", contents="", flags="force"]
[   0.111][d][cplayer] Run command: enable-section, flags=64, args=[name="input_forced_osc", flags="allow-hide-cursor+allow-vo-dragging"]
[   0.139][d][ffmpeg] tcp: Successfully connected to 192.168.1.123 port 3089
[   0.171][v][ffmpeg] Could not set AVOption tls_verify='0'
[   0.171][d][ffmpeg] resize stream to 131072 bytes, drop 0 bytes
[   0.171][v][ffmpeg] Mime-type: 'video/x-matroska'
[   0.171][d][ffmpeg] Stream opened successfully.
[   0.171][v][demux] Trying demuxers for level=normal.
[   0.171][d][demux] Trying demuxer: directory (force-level: normal)
[   0.176][d][demux] Trying demuxer: disc (force-level: normal)
[   0.176][d][demux] Trying demuxer: edl (force-level: normal)
[   0.176][d][demux] Trying demuxer: cue (force-level: normal)
[   0.176][d][demux] Trying demuxer: rawaudio (force-level: normal)
[   0.176][d][demux] Trying demuxer: rawvideo (force-level: normal)
[   0.176][d][demux] Trying demuxer: mkv (force-level: normal)
[   0.176][d][mkv] Found the head...
[   0.176][d][mkv] + a segment...
[   0.176][d][mkv] Parsing seek head...
[   0.176][d][mkv] |+ segment information...
[   0.176][d][mkv] float 6407038.000000
[   0.176][d][mkv] | + muxing app: libebml v1.3.9 + libmatroska v1.5.2
[   0.176][d][mkv] | + writing app: mkvmerge v35.0.0 ('All The Love In The World') 64-bit
[   0.176][d][mkv] | + timecode scale: 1000000
[   0.176][d][mkv] | + duration: 6407.038s
[   0.176][d][mkv] | + segment uid 43 3d f0 bd c2 7d 23 f0 ca dc 0b f3 a0 8d 00 0a
[   0.176][d][mkv] |+ segment tracks...
[   0.176][d][mkv] float 48000.000000
[   0.176][d][mkv] float 48000.000000
[   0.176][d][mkv] | + a track...
[   0.176][d][mkv] |  + Track number: 1
[   0.176][d][mkv] |  + Track type: Video
[   0.176][d][mkv] |  + Video track
[   0.176][d][mkv] |   + Display width: 3840
[   0.176][d][mkv] |   + Display height: 1600
[   0.176][d][mkv] |   + Pixel width: 3840
[   0.176][d][mkv] |   + Pixel height: 1600
[   0.176][d][mkv] |  + Codec ID: V_MPEGH/ISO/HEVC
[   0.176][d][mkv] |  + CodecPrivate, length 116
[   0.176][d][mkv] |  + Language: und
[   0.176][d][mkv] |  + Default duration: 41.708ms ( = 23.976 fps)
[   0.176][d][mkv] | + a track...
[   0.176][d][mkv] |  + Track number: 2
[   0.176][d][mkv] |  + Name: FR VFF : AAC 5.1
[   0.176][d][mkv] |  + Track type: Audio
[   0.176][d][mkv] |  + Audio track
[   0.176][d][mkv] |   + Sampling frequency: 48000.000000
[   0.176][d][mkv] |   + Channels: 6
[   0.176][d][mkv] |  + Codec ID: A_AAC
[   0.176][d][mkv] |  + CodecPrivate, length 2
[   0.176][d][mkv] |  + Language: fre
[   0.176][d][mkv] |  + Default duration: 21.333ms ( = 46.875 fps)
[   0.176][d][mkv] | + a track...
[   0.176][d][mkv] |  + Track number: 3
[   0.176][d][mkv] |  + Name: ENG VO : AAC 5.1
[   0.176][d][mkv] |  + Track type: Audio
[   0.176][d][mkv] |  + Audio track
[   0.176][d][mkv] |   + Sampling frequency: 48000.000000
[   0.176][d][mkv] |   + Channels: 8
[   0.176][d][mkv] |  + Codec ID: A_AAC
[   0.176][d][mkv] |  + CodecPrivate, length 12
[   0.176][d][mkv] |  + Default flag: 0
[   0.176][d][mkv] |  + Default duration: 21.333ms ( = 46.875 fps)
[   0.176][d][mkv] | + a track...
[   0.176][d][mkv] |  + Track number: 4
[   0.176][d][mkv] |  + Name: FR Forced : SRT
[   0.176][d][mkv] |  + Track type: Subtitle
[   0.176][d][mkv] |  + Codec ID: S_TEXT/UTF8
[   0.176][d][mkv] |  + Language: fre
[   0.176][d][mkv] |  + Forced flag: 1
[   0.176][d][mkv] | + a track...
[   0.176][d][mkv] |  + Track number: 5
[   0.176][d][mkv] |  + Name: FR Full : SRT
[   0.176][d][mkv] |  + Track type: Subtitle
[   0.176][d][mkv] |  + Codec ID: S_TEXT/UTF8
[   0.176][d][mkv] |  + Language: fre
[   0.176][d][mkv] |  + Default flag: 0
[   0.176][d][mkv] | + a track...
[   0.176][d][mkv] |  + Track number: 6
[   0.176][d][mkv] |  + Name: ENG Full : SRT
[   0.176][d][mkv] |  + Track type: Subtitle
[   0.176][d][mkv] |  + Codec ID: S_TEXT/UTF8
[   0.176][d][mkv] |  + Default flag: 0
[   0.176][d][mkv] | + a track...
[   0.176][d][mkv] |  + Track number: 7
[   0.176][d][mkv] |  + Name: SRB Full : SRT
[   0.176][d][mkv] |  + Track type: Subtitle
[   0.176][d][mkv] |  + Codec ID: S_TEXT/UTF8
[   0.176][d][mkv] |  + Language: srp
[   0.176][d][mkv] |  + Default flag: 0
[   0.176][d][mkv] | + a track...
[   0.176][d][mkv] |  + Track number: 8
[   0.176][d][mkv] |  + Name: FR Forced : PGS
[   0.176][d][mkv] |  + Track type: Subtitle
[   0.176][d][mkv] |  + Codec ID: S_HDMV/PGS
[   0.176][d][mkv] |  + Language: fre
[   0.176][d][mkv] |  + Default flag: 0
[   0.176][d][mkv] |  + Forced flag: 1
[   0.176][d][mkv] | + a track...
[   0.176][d][mkv] |  + Track number: 9
[   0.176][d][mkv] |  + Name: FR Full : PGS
[   0.176][d][mkv] |  + Track type: Subtitle
[   0.176][d][mkv] |  + Codec ID: S_HDMV/PGS
[   0.176][d][mkv] |  + Language: fre
[   0.176][d][mkv] |  + Default flag: 0
[   0.176][d][mkv] Parsing attachments...
[   0.409][d][mkv] Attachment: poster.png, image/png, 657126 bytes
[   0.409][d][mkv] Parsing chapters...
[   0.409][v][mkv] New edition 0
[   0.409][v][mkv] Default edition flag: 0
[   0.409][d][mkv] Chapter 0 from 00:00:00.000000000 to 00:00:00.000000000, Chapter 01
[   0.409][d][mkv] Chapter 1 from 00:07:26.571111111 to 00:00:00.000000000, Chapter 02
[   0.410][d][mkv] Chapter 2 from 00:11:44.745688888 to 00:00:00.000000000, Chapter 03
[   0.410][d][mkv] Chapter 3 from 00:16:46.797444444 to 00:00:00.000000000, Chapter 04
[   0.410][d][mkv] Chapter 4 from 00:24:24.129333333 to 00:00:00.000000000, Chapter 05
[   0.410][d][mkv] Chapter 5 from 00:29:05.493733333 to 00:00:00.000000000, Chapter 06
[   0.410][d][mkv] Chapter 6 from 00:34:05.334955555 to 00:00:00.000000000, Chapter 07
[   0.410][d][mkv] Chapter 7 from 00:37:30.831911111 to 00:00:00.000000000, Chapter 08
[   0.410][d][mkv] Chapter 8 from 00:46:07.389622222 to 00:00:00.000000000, Chapter 09
[   0.410][d][mkv] Chapter 9 from 00:53:37.422533333 to 00:00:00.000000000, Chapter 10
[   0.410][d][mkv] Chapter 10 from 00:58:15.200022222 to 00:00:00.000000000, Chapter 11
[   0.410][d][mkv] Chapter 11 from 01:04:49.260355555 to 00:00:00.000000000, Chapter 12
[   0.410][d][mkv] Chapter 12 from 01:07:29.920866666 to 00:00:00.000000000, Chapter 13
[   0.410][d][mkv] Chapter 13 from 01:12:01.900911111 to 00:00:00.000000000, Chapter 14
[   0.410][d][mkv] Chapter 14 from 01:14:46.565400000 to 00:00:00.000000000, Chapter 15
[   0.410][d][mkv] Chapter 15 from 01:20:36.206355555 to 00:00:00.000000000, Chapter 16
[   0.410][d][mkv] Chapter 16 from 01:25:03.306533333 to 00:00:00.000000000, Chapter 17
[   0.410][d][mkv] Chapter 17 from 01:29:09.427400000 to 00:00:00.000000000, Chapter 18
[   0.410][d][mkv] Chapter 18 from 01:35:55.040955555 to 00:00:00.000000000, Chapter 19
[   0.410][d][mkv] Chapter 19 from 01:39:25.000688888 to 00:00:00.000000000, Chapter 20
[   0.410][d][mkv] |+ found cluster
[   0.410][v][mkv] Seeking to 3503509402 to read header element 0x1c53bb6b.
[   0.410][v][ffmpeg] stream level seek from 679144 to 3503509402
